<?xml version="1.0" encoding="UTF-8"?>
<!-- Generated by org.testng.reporters.JUnitXMLReporter -->
<testsuite ignored="0" hostname="LTIN719458" failures="1" tests="1" name="ChromeTest" time="7.991" errors="0" timestamp="2026-05-13T16:58:33 IST">
  <testcase classname="tests.GoogleTestAutomation" name="testCase1" time="0.065">
    <failure type="java.lang.IllegalArgumentException" message="Keys to send should be a not null CharSequence">
      <![CDATA[java.lang.IllegalArgumentException: Keys to send should be a not null CharSequence
at org.openqa.selenium.remote.RemoteWebElement.sendKeys(RemoteWebElement.java:96)
at pages.GoogleSearch.EnterKeyword(GoogleSearch.java:18)
at tests.GoogleTestAutomation.testCase1(GoogleTestAutomation.java:77)
at java.base/java.util.ArrayList.forEach(ArrayList.java:1596)
... Removed 25 stack frames]]>
    </failure>
  </testcase> <!-- testCase1 -->
</testsuite> <!-- ChromeTest -->
