<?xml version="1.0" encoding="UTF-8"?>
<!-- Generated by org.testng.reporters.JUnitXMLReporter -->
<testsuite ignored="0" hostname="LTIN719458" failures="1" tests="1" name="EdgeTest" time="7.58" errors="0" timestamp="2026-05-13T16:45:53 IST">
  <testcase classname="tests.GoogleTestAutomation" name="testCase1" time="0.041">
    <failure type="java.io.FileNotFoundException" message=".\src\test\resources\TestData.xlsx (The process cannot access the file because it is being used by another process)">
      <![CDATA[java.io.FileNotFoundException: .\src\test\resources\TestData.xlsx (The process cannot access the file because it is being used by another process)
at java.base/java.io.FileInputStream.open0(Native Method)
at java.base/java.io.FileInputStream.open(FileInputStream.java:213)
at java.base/java.io.FileInputStream.<init>(FileInputStream.java:152)
at utils.ReadExcel.readExcelData(ReadExcel.java:21)
at tests.GoogleTestAutomation.testCase1(GoogleTestAutomation.java:66)
at java.base/java.util.ArrayList.forEach(ArrayList.java:1596)
... Removed 25 stack frames]]>
    </failure>
  </testcase> <!-- testCase1 -->
</testsuite> <!-- EdgeTest -->
