<?xml version="1.0" encoding="UTF-8"?>
<testng-results ignored="0" total="2" passed="0" failed="2" skipped="0">
  <reporter-output>
  </reporter-output>
  <suite started-at="2026-05-13T16:45:35 IST" name="Suite" finished-at="2026-05-13T16:45:53 IST" duration-ms="17894">
    <groups>
    </groups>
    <test started-at="2026-05-13T16:45:35 IST" name="ChromeTest" finished-at="2026-05-13T16:45:45 IST" duration-ms="10273">
      <class name="tests.GoogleTestAutomation">
        <test-method is-config="true" signature="setup(java.lang.String)[pri:0, instance:tests.GoogleTestAutomation@1bd4fdd]" started-at="2026-05-13T16:45:35 IST" name="setup" finished-at="2026-05-13T16:45:42 IST" duration-ms="6718" status="PASS">
          <params>
            <param index="0">
              <value>
                <![CDATA[Chrome]]>
              </value>
            </param>
          </params>
          <reporter-output>
          </reporter-output>
        </test-method> <!-- setup -->
        <test-method signature="testCase1()[pri:0, instance:tests.GoogleTestAutomation@1bd4fdd]" started-at="2026-05-13T16:45:42 IST" name="testCase1" finished-at="2026-05-13T16:45:42 IST" duration-ms="33" status="FAIL">
          <exception class="java.io.FileNotFoundException">
            <message>
              <![CDATA[.\src\test\resources\TestData.xlsx (The process cannot access the file because it is being used by another process)]]>
            </message>
            <full-stacktrace>
              <![CDATA[java.io.FileNotFoundException: .\src\test\resources\TestData.xlsx (The process cannot access the file because it is being used by another process)
at java.base/java.io.FileInputStream.open0(Native Method)
at java.base/java.io.FileInputStream.open(FileInputStream.java:213)
at java.base/java.io.FileInputStream.<init>(FileInputStream.java:152)
at utils.ReadExcel.readExcelData(ReadExcel.java:21)
at tests.GoogleTestAutomation.testCase1(GoogleTestAutomation.java:66)
at java.base/jdk.internal.reflect.DirectMethodHandleAccessor.invoke(DirectMethodHandleAccessor.java:103)
at java.base/java.lang.reflect.Method.invoke(Method.java:580)
at org.testng.internal.invokers.MethodInvocationHelper.invokeMethod(MethodInvocationHelper.java:139)
at org.testng.internal.invokers.TestInvoker.invokeMethod(TestInvoker.java:664)
at org.testng.internal.invokers.TestInvoker.invokeTestMethod(TestInvoker.java:228)
at org.testng.internal.invokers.MethodRunner.runInSequence(MethodRunner.java:63)
at org.testng.internal.invokers.TestInvoker$MethodInvocationAgent.invoke(TestInvoker.java:961)
at org.testng.internal.invokers.TestInvoker.invokeTestMethods(TestInvoker.java:201)
at org.testng.internal.invokers.TestMethodWorker.invokeTestMethods(TestMethodWorker.java:148)
at org.testng.internal.invokers.TestMethodWorker.run(TestMethodWorker.java:128)
at java.base/java.util.ArrayList.forEach(ArrayList.java:1596)
at org.testng.TestRunner.privateRun(TestRunner.java:819)
at org.testng.TestRunner.run(TestRunner.java:619)
at org.testng.SuiteRunner.runTest(SuiteRunner.java:443)
at org.testng.SuiteRunner.runSequentially(SuiteRunner.java:437)
at org.testng.SuiteRunner.privateRun(SuiteRunner.java:397)
at org.testng.SuiteRunner.run(SuiteRunner.java:336)
at org.testng.SuiteRunnerWorker.runSuite(SuiteRunnerWorker.java:52)
at org.testng.SuiteRunnerWorker.run(SuiteRunnerWorker.java:95)
at org.testng.TestNG.runSuitesSequentially(TestNG.java:1301)
at org.testng.TestNG.runSuitesLocally(TestNG.java:1228)
at org.testng.TestNG.runSuites(TestNG.java:1134)
at org.testng.TestNG.run(TestNG.java:1101)
at org.testng.remote.AbstractRemoteTestNG.run(AbstractRemoteTestNG.java:115)
at org.testng.remote.RemoteTestNG.initAndRun(RemoteTestNG.java:293)
at org.testng.remote.RemoteTestNG.main(RemoteTestNG.java:91)
]]>
            </full-stacktrace>
          </exception> <!-- java.io.FileNotFoundException -->
          <reporter-output>
          </reporter-output>
        </test-method> <!-- testCase1 -->
        <test-method is-config="true" signature="tearDown()[pri:0, instance:tests.GoogleTestAutomation@1bd4fdd]" started-at="2026-05-13T16:45:42 IST" name="tearDown" finished-at="2026-05-13T16:45:45 IST" duration-ms="3485" status="PASS">
          <reporter-output>
          </reporter-output>
        </test-method> <!-- tearDown -->
      </class> <!-- tests.GoogleTestAutomation -->
    </test> <!-- ChromeTest -->
    <test started-at="2026-05-13T16:45:45 IST" name="EdgeTest" finished-at="2026-05-13T16:45:53 IST" duration-ms="7580">
      <class name="tests.GoogleTestAutomation">
        <test-method is-config="true" signature="setup(java.lang.String)[pri:0, instance:tests.GoogleTestAutomation@10683d9d]" started-at="2026-05-13T16:45:45 IST" name="setup" finished-at="2026-05-13T16:45:50 IST" duration-ms="4237" status="PASS">
          <params>
            <param index="0">
              <value>
                <![CDATA[edge]]>
              </value>
            </param>
          </params>
          <reporter-output>
          </reporter-output>
        </test-method> <!-- setup -->
        <test-method signature="testCase1()[pri:0, instance:tests.GoogleTestAutomation@10683d9d]" started-at="2026-05-13T16:45:50 IST" name="testCase1" finished-at="2026-05-13T16:45:50 IST" duration-ms="41" status="FAIL">
          <exception class="java.io.FileNotFoundException">
            <message>
              <![CDATA[.\src\test\resources\TestData.xlsx (The process cannot access the file because it is being used by another process)]]>
            </message>
            <full-stacktrace>
              <![CDATA[java.io.FileNotFoundException: .\src\test\resources\TestData.xlsx (The process cannot access the file because it is being used by another process)
at java.base/java.io.FileInputStream.open0(Native Method)
at java.base/java.io.FileInputStream.open(FileInputStream.java:213)
at java.base/java.io.FileInputStream.<init>(FileInputStream.java:152)
at utils.ReadExcel.readExcelData(ReadExcel.java:21)
at tests.GoogleTestAutomation.testCase1(GoogleTestAutomation.java:66)
at java.base/jdk.internal.reflect.DirectMethodHandleAccessor.invoke(DirectMethodHandleAccessor.java:103)
at java.base/java.lang.reflect.Method.invoke(Method.java:580)
at org.testng.internal.invokers.MethodInvocationHelper.invokeMethod(MethodInvocationHelper.java:139)
at org.testng.internal.invokers.TestInvoker.invokeMethod(TestInvoker.java:664)
at org.testng.internal.invokers.TestInvoker.invokeTestMethod(TestInvoker.java:228)
at org.testng.internal.invokers.MethodRunner.runInSequence(MethodRunner.java:63)
at org.testng.internal.invokers.TestInvoker$MethodInvocationAgent.invoke(TestInvoker.java:961)
at org.testng.internal.invokers.TestInvoker.invokeTestMethods(TestInvoker.java:201)
at org.testng.internal.invokers.TestMethodWorker.invokeTestMethods(TestMethodWorker.java:148)
at org.testng.internal.invokers.TestMethodWorker.run(TestMethodWorker.java:128)
at java.base/java.util.ArrayList.forEach(ArrayList.java:1596)
at org.testng.TestRunner.privateRun(TestRunner.java:819)
at org.testng.TestRunner.run(TestRunner.java:619)
at org.testng.SuiteRunner.runTest(SuiteRunner.java:443)
at org.testng.SuiteRunner.runSequentially(SuiteRunner.java:437)
at org.testng.SuiteRunner.privateRun(SuiteRunner.java:397)
at org.testng.SuiteRunner.run(SuiteRunner.java:336)
at org.testng.SuiteRunnerWorker.runSuite(SuiteRunnerWorker.java:52)
at org.testng.SuiteRunnerWorker.run(SuiteRunnerWorker.java:95)
at org.testng.TestNG.runSuitesSequentially(TestNG.java:1301)
at org.testng.TestNG.runSuitesLocally(TestNG.java:1228)
at org.testng.TestNG.runSuites(TestNG.java:1134)
at org.testng.TestNG.run(TestNG.java:1101)
at org.testng.remote.AbstractRemoteTestNG.run(AbstractRemoteTestNG.java:115)
at org.testng.remote.RemoteTestNG.initAndRun(RemoteTestNG.java:293)
at org.testng.remote.RemoteTestNG.main(RemoteTestNG.java:91)
]]>
            </full-stacktrace>
          </exception> <!-- java.io.FileNotFoundException -->
          <reporter-output>
          </reporter-output>
        </test-method> <!-- testCase1 -->
        <test-method is-config="true" signature="tearDown()[pri:0, instance:tests.GoogleTestAutomation@10683d9d]" started-at="2026-05-13T16:45:50 IST" name="tearDown" finished-at="2026-05-13T16:45:53 IST" duration-ms="3296" status="PASS">
          <reporter-output>
          </reporter-output>
        </test-method> <!-- tearDown -->
      </class> <!-- tests.GoogleTestAutomation -->
    </test> <!-- EdgeTest -->
  </suite> <!-- Suite -->
</testng-results>
