<?xml version="1.0" encoding="UTF-8"?>
<testng-results ignored="0" total="1" passed="1" failed="0" skipped="0">
  <reporter-output>
  </reporter-output>
  <suite started-at="2026-05-12T12:30:27 IST" name="Default suite" finished-at="2026-05-12T12:30:37 IST" duration-ms="9918">
    <groups>
    </groups>
    <test started-at="2026-05-12T12:30:27 IST" name="Default test" finished-at="2026-05-12T12:30:37 IST" duration-ms="9918">
      <class name="tests.GoogleTestAutomation">
        <test-method is-config="true" signature="setup()[pri:0, instance:tests.GoogleTestAutomation@8f4ea7c]" started-at="2026-05-12T12:30:27 IST" name="setup" finished-at="2026-05-12T12:30:32 IST" duration-ms="5470" status="PASS">
          <reporter-output>
          </reporter-output>
        </test-method> <!-- setup -->
        <test-method signature="testCase1()[pri:0, instance:tests.GoogleTestAutomation@8f4ea7c]" started-at="2026-05-12T12:30:32 IST" name="testCase1" finished-at="2026-05-12T12:30:32 IST" duration-ms="288" status="PASS">
          <reporter-output>
          </reporter-output>
        </test-method> <!-- testCase1 -->
        <test-method is-config="true" signature="tearDown()[pri:0, instance:tests.GoogleTestAutomation@8f4ea7c]" started-at="2026-05-12T12:30:32 IST" name="tearDown" finished-at="2026-05-12T12:30:37 IST" duration-ms="4109" status="PASS">
          <reporter-output>
          </reporter-output>
        </test-method> <!-- tearDown -->
      </class> <!-- tests.GoogleTestAutomation -->
    </test> <!-- Default test -->
  </suite> <!-- Default suite -->
</testng-results>
