<?xml version="1.0" encoding="UTF-8"?>
<!-- Generated by org.testng.reporters.JUnitReportReporter -->
<testsuite hostname="LTIN719458" failures="0" tests="3" name="tests.GoogleTestAutomation" time="26.137" errors="0" timestamp="2026-05-13T17:05:12 IST" skipped="0">
  <testcase classname="tests.GoogleTestAutomation" name="testCase1" time="8.150"/>
  <testcase classname="tests.GoogleTestAutomation" name="testCase1" time="9.176"/>
  <testcase classname="tests.GoogleTestAutomation" name="testCase1" time="8.811"/>
</testsuite> <!-- tests.GoogleTestAutomation -->
